Arguments: 
  /Users/patrickgodinho/.nvm/versions/node/v8.10.0/bin/node /Users/patrickgodinho/.nvm/versions/node/v8.10.0/bin/yarn

PATH: 
  /Users/patrickgodinho/.nvm/versions/node/v8.10.0/bin:/Users/patrickgodinho/.rvm/gems/ruby-2.6.4/bin:/Users/patrickgodinho/.rvm/gems/ruby-2.6.4@global/bin:/Users/patrickgodinho/.rvm/rubies/ruby-2.6.4/bin:/Users/patrickgodinho/Library/Android/sdk/emulator:/Users/patrickgodinho/Library/Android/sdk/tools:/Users/patrickgodinho/.local/bin:/Library/Frameworks/Python.framework/Versions/3.5/bin:/usr/local/bin:/usr/bin:/bin:/usr/sbin:/sbin:/Library/Apple/usr/bin:/Library/Apple/bin:/Applications/VMware Fusion.app/Contents/Public:/usr/local/MacGPG2/bin:/Applications/Wireshark.app/Contents/MacOS:/Users/patrickgodinho/dev/m4u/socket-phoenix/node_modules/.bin:/Users/patrickgodinho/.rvm/gems/ruby-2.6.4/bin:/Users/patrickgodinho/.rvm/gems/ruby-2.6.4@global/bin:/Users/patrickgodinho/.rvm/rubies/ruby-2.6.4/bin:/Users/patrickgodinho/Library/Android/sdk/emulator:/Users/patrickgodinho/Library/Android/sdk/tools:/Users/patrickgodinho/.local/bin:/Library/Frameworks/Python.framework/Versions/3.5/bin:/Users/patrickgodinho/.rvm/bin:/Users/patrickgodinho/.rvm/bin

Yarn version: 
  1.17.3

Node version: 
  8.10.0

Platform: 
  darwin x64

Trace: 
  SyntaxError: /Users/patrickgodinho/dev/m4u/socket-phoenix/package.json: Unexpected token } in JSON at position 154
      at JSON.parse (<anonymous>)
      at /Users/patrickgodinho/.nvm/versions/node/v8.10.0/lib/node_modules/yarn/lib/cli.js:1625:59
      at Generator.next (<anonymous>)
      at step (/Users/patrickgodinho/.nvm/versions/node/v8.10.0/lib/node_modules/yarn/lib/cli.js:304:30)
      at /Users/patrickgodinho/.nvm/versions/node/v8.10.0/lib/node_modules/yarn/lib/cli.js:315:13
      at <anonymous>

npm manifest: 
  {
    "name": "socket-phoenix",
    "version": "1.0.0",
    "main": "src/index.js",
    "license": "MIT",
    "dependencies": {
      "phoenix-channels": "^1.0.0",
    }
  }

yarn manifest: 
  No manifest

Lockfile: 
  # THIS IS AN AUTOGENERATED FILE. DO NOT EDIT THIS FILE DIRECTLY.
  # yarn lockfile v1
  
  
  debug@^2.2.0:
    version "2.6.9"
    resolved "https://registry.yarnpkg.com/debug/-/debug-2.6.9.tgz#5d128515df134ff327e90a4c93f4e077a536341f"
    integrity sha512-bC7ElrdJaJnPbAP+1EotYvqZsb3ecl5wi6Bfi6BJTUcNowp6cvspg0jXznRTKDjm/E7AdgFBVeAPVMNcKGsHMA==
    dependencies:
      ms "2.0.0"
  
  is-typedarray@^1.0.0:
    version "1.0.0"
    resolved "https://registry.yarnpkg.com/is-typedarray/-/is-typedarray-1.0.0.tgz#e479c80858df0c1b11ddda6940f96011fcda4a9a"
    integrity sha1-5HnICFjfDBsR3dppQPlgEfzaSpo=
  
  ms@2.0.0:
    version "2.0.0"
    resolved "https://registry.yarnpkg.com/ms/-/ms-2.0.0.tgz#5608aeadfc00be6c2901df5f9861788de0d597c8"
    integrity sha1-VgiurfwAvmwpAd9fmGF4jeDVl8g=
  
  nan@^2.14.0:
    version "2.14.0"
    resolved "https://registry.yarnpkg.com/nan/-/nan-2.14.0.tgz#7818f722027b2459a86f0295d434d1fc2336c52c"
    integrity sha512-INOFj37C7k3AfaNTtX8RhsTw7qRy7eLET14cROi9+5HAVbbHuIWUHEauBv5qT4Av2tWasiTY1Jw6puUNqRJXQg==
  
  phoenix-channels@^1.0.0:
    version "1.0.0"
    resolved "https://registry.yarnpkg.com/phoenix-channels/-/phoenix-channels-1.0.0.tgz#4de3a7a3427483deffc4908d8fecac725db06d6a"
    integrity sha1-TeOno0J0g97/xJCNj+yscl2wbWo=
    dependencies:
      websocket "^1.0.24"
  
  phoenix-socket@^1.2.3:
    version "1.2.3"
    resolved "https://registry.yarnpkg.com/phoenix-socket/-/phoenix-socket-1.2.3.tgz#90d4d96e39961d82f72c255f9150e9afd623d41f"
    integrity sha1-kNTZbjmWHYL3LCVfkVDpr9Yj1B8=
  
  typedarray-to-buffer@^3.1.5:
    version "3.1.5"
    resolved "https://registry.yarnpkg.com/typedarray-to-buffer/-/typedarray-to-buffer-3.1.5.tgz#a97ee7a9ff42691b9f783ff1bc5112fe3fca9080"
    integrity sha512-zdu8XMNEDepKKR+XYOXAVPtWui0ly0NtohUscw+UmaHiAWT8hrV1rr//H6V+0DvJ3OQ19S979M0laLfX8rm82Q==
    dependencies:
      is-typedarray "^1.0.0"
  
  websocket@^1.0.24:
    version "1.0.30"
    resolved "https://registry.yarnpkg.com/websocket/-/websocket-1.0.30.tgz#91d3bd00c3d43e916f0cf962f8f8c451bb0b2373"
    integrity sha512-aO6klgaTdSMkhfl5VVJzD5fm+Srhh5jLYbS15+OiI1sN6h/RU/XW6WN9J1uVIpUKNmsTvT3Hs35XAFjn9NMfOw==
    dependencies:
      debug "^2.2.0"
      nan "^2.14.0"
      typedarray-to-buffer "^3.1.5"
      yaeti "^0.0.6"
  
  yaeti@^0.0.6:
    version "0.0.6"
    resolved "https://registry.yarnpkg.com/yaeti/-/yaeti-0.0.6.tgz#f26f484d72684cf42bedfb76970aa1608fbf9577"
    integrity sha1-8m9ITXJoTPQr7ft2lwqhYI+/lXc=
